{"/home/crislp/Unit9/writing-unit-tests-lab-1-Crisp/exercises.js": {"path":"/home/crislp/Unit9/writing-unit-tests-lab-1-Crisp/exercises.js","statementMap":{"0":{"start":{"line":2,"column":20},"end":{"line":4,"column":1}},"1":{"start":{"line":3,"column":0},"end":{"line":3,"column":32}},"2":{"start":{"line":7,"column":21},"end":{"line":9,"column":1}},"3":{"start":{"line":8,"column":0},"end":{"line":8,"column":54}},"4":{"start":{"line":8,"column":25},"end":{"line":8,"column":53}},"5":{"start":{"line":12,"column":16},"end":{"line":14,"column":1}},"6":{"start":{"line":13,"column":0},"end":{"line":13,"column":109}},"7":{"start":{"line":13,"column":38},"end":{"line":13,"column":97}},"8":{"start":{"line":17,"column":17},"end":{"line":19,"column":1}},"9":{"start":{"line":22,"column":22},"end":{"line":24,"column":1}},"10":{"start":{"line":27,"column":20},"end":{"line":29,"column":1}},"11":{"start":{"line":32,"column":19},"end":{"line":34,"column":1}},"12":{"start":{"line":38,"column":0},"end":{"line":46,"column":2}}},"fnMap":{"0":{"name":"(anonymous_0)","decl":{"start":{"line":2,"column":20},"end":{"line":2,"column":21}},"loc":{"start":{"line":2,"column":29},"end":{"line":4,"column":1}},"line":2},"1":{"name":"(anonymous_1)","decl":{"start":{"line":7,"column":21},"end":{"line":7,"column":22}},"loc":{"start":{"line":7,"column":33},"end":{"line":9,"column":1}},"line":7},"2":{"name":"(anonymous_2)","decl":{"start":{"line":8,"column":18},"end":{"line":8,"column":19}},"loc":{"start":{"line":8,"column":25},"end":{"line":8,"column":53}},"line":8},"3":{"name":"(anonymous_3)","decl":{"start":{"line":12,"column":16},"end":{"line":12,"column":17}},"loc":{"start":{"line":12,"column":25},"end":{"line":14,"column":1}},"line":12},"4":{"name":"(anonymous_4)","decl":{"start":{"line":13,"column":27},"end":{"line":13,"column":28}},"loc":{"start":{"line":13,"column":38},"end":{"line":13,"column":97}},"line":13},"5":{"name":"(anonymous_5)","decl":{"start":{"line":17,"column":17},"end":{"line":17,"column":18}},"loc":{"start":{"line":17,"column":23},"end":{"line":19,"column":1}},"line":17},"6":{"name":"(anonymous_6)","decl":{"start":{"line":22,"column":22},"end":{"line":22,"column":23}},"loc":{"start":{"line":22,"column":28},"end":{"line":24,"column":1}},"line":22},"7":{"name":"(anonymous_7)","decl":{"start":{"line":27,"column":20},"end":{"line":27,"column":21}},"loc":{"start":{"line":27,"column":26},"end":{"line":29,"column":1}},"line":27},"8":{"name":"(anonymous_8)","decl":{"start":{"line":32,"column":19},"end":{"line":32,"column":20}},"loc":{"start":{"line":32,"column":25},"end":{"line":34,"column":1}},"line":32}},"branchMap":{},"s":{"0":1,"1":6,"2":1,"3":3,"4":8,"5":1,"6":2,"7":7,"8":1,"9":1,"10":1,"11":1,"12":1},"f":{"0":6,"1":3,"2":8,"3":2,"4":7,"5":0,"6":0,"7":0,"8":0},"b":{},"_coverageSchema":"43e27e138ebf9cfc5966b082cf9a028302ed4184","hash":"7091643a055efa7b312a6fc8e83abf020952e727"}
}
