TN:
SF:/home/crislp/Unit9/writing-unit-tests-lab-1-Crisp/exercises.js
FN:2,(anonymous_0)
FN:7,(anonymous_1)
FN:8,(anonymous_2)
FN:12,(anonymous_3)
FN:13,(anonymous_4)
FN:17,(anonymous_5)
FN:22,(anonymous_6)
FN:27,(anonymous_7)
FN:32,(anonymous_8)
FNF:9
FNH:5
FNDA:6,(anonymous_0)
FNDA:3,(anonymous_1)
FNDA:8,(anonymous_2)
FNDA:2,(anonymous_3)
FNDA:7,(anonymous_4)
FNDA:0,(anonymous_5)
FNDA:0,(anonymous_6)
FNDA:0,(anonymous_7)
FNDA:0,(anonymous_8)
DA:2,1
DA:3,6
DA:7,1
DA:8,8
DA:12,1
DA:13,7
DA:17,1
DA:22,1
DA:27,1
DA:32,1
DA:38,1
LF:11
LH:11
BRF:0
BRH:0
end_of_record
